<?xml version="1.0" encoding="UTF-8"?>
<!-- Generated by org.testng.reporters.JUnitXMLReporter -->
<testsuite ignored="0" hostname="DESKTOP-VBE86CG" failures="1" tests="10" name="Test" time="196.992" errors="0" timestamp="2024-07-19T16:13:49 IST">
  <testcase classname="amazonApp.ProjectOneWithTenTestCasesNew.TC10" name="UpdateCart" time="20.383"/>
  <testcase classname="amazonApp.ProjectOneWithTenTestCasesNew.TC09" name="addToCart" time="17.513"/>
  <testcase classname="amazonApp.ProjectOneWithTenTestCasesNew.TC08" name="Sorting_product_details" time="41.814"/>
  <testcase classname="amazonApp.ProjectOneWithTenTestCasesNew.TC07" name="Verify_product_details" time="21.232"/>
  <testcase classname="amazonApp.ProjectOneWithTenTestCasesNew.TC06" name="Filtertheproduct" time="13.972"/>
  <testcase classname="amazonApp.ProjectOneWithTenTestCasesNew.TC05" name="Search_product" time="13.05"/>
  <testcase classname="amazonApp.ProjectOneWithTenTestCasesNew.TC04" name="Manage_Proile" time="17.418">
    <failure type="org.openqa.selenium.JavascriptException" message="javascript error: {&amp;quot;status&amp;quot;:60,&amp;quot;value&amp;quot;:&amp;quot;[object HTMLInputElement] has no size and location&amp;quot;}
  (Session info: chrome=126.0.6478.182)
Build info: version: &amp;apos;4.21.0&amp;apos;, revision: &amp;apos;79ed462ef4&amp;apos;
System info: os.name: &amp;apos;Windows 11&amp;apos;, os.arch: &amp;apos;amd64&amp;apos;, os.version: &amp;apos;10.0&amp;apos;, java.version: &amp;apos;17.0.10&amp;apos;
Driver info: org.openqa.selenium.chrome.ChromeDriver
Command: [804d198f1e66c5034becd974d19fc5b8, actions {actions=[org.openqa.selenium.interactions.Sequence@102ecc22]}]
Capabilities {acceptInsecureCerts: false, browserName: chrome, browserVersion: 126.0.6478.182, chrome: {chromedriverVersion: 126.0.6478.182 (5b5d8292ddf..., userDataDir: C:\Users\SHWETA~1\AppData\L...}, fedcm:accounts: true, goog:chromeOptions: {debuggerAddress: localhost:62231}, networkConnectionEnabled: false, pageLoadStrategy: normal, platformName: windows, proxy: Proxy(), se:cdp: ws://localhost:62231/devtoo..., se:cdpVersion: 126.0.6478.182, setWindowRect: true, strictFileInteractability: false, timeouts: {implicit: 0, pageLoad: 300000, script: 30000}, unhandledPromptBehavior: dismiss and notify, webauthn:extension:credBlob: true, webauthn:extension:largeBlob: true, webauthn:extension:minPinLength: true, webauthn:extension:prf: true, webauthn:virtualAuthenticators: true}
Session ID: 804d198f1e66c5034becd974d19fc5b8">
      <![CDATA[org.openqa.selenium.JavascriptException: javascript error: {"status":60,"value":"[object HTMLInputElement] has no size and location"}
  (Session info: chrome=126.0.6478.182)
Build info: version: '4.21.0', revision: '79ed462ef4'
System info: os.name: 'Windows 11', os.arch: 'amd64', os.version: '10.0', java.version: '17.0.10'
Driver info: org.openqa.selenium.chrome.ChromeDriver
Command: [804d198f1e66c5034becd974d19fc5b8, actions {actions=[org.openqa.selenium.interactions.Sequence@102ecc22]}]
Capabilities {acceptInsecureCerts: false, browserName: chrome, browserVersion: 126.0.6478.182, chrome: {chromedriverVersion: 126.0.6478.182 (5b5d8292ddf..., userDataDir: C:\Users\SHWETA~1\AppData\L...}, fedcm:accounts: true, goog:chromeOptions: {debuggerAddress: localhost:62231}, networkConnectionEnabled: false, pageLoadStrategy: normal, platformName: windows, proxy: Proxy(), se:cdp: ws://localhost:62231/devtoo..., se:cdpVersion: 126.0.6478.182, setWindowRect: true, strictFileInteractability: false, timeouts: {implicit: 0, pageLoad: 300000, script: 30000}, unhandledPromptBehavior: dismiss and notify, webauthn:extension:credBlob: true, webauthn:extension:largeBlob: true, webauthn:extension:minPinLength: true, webauthn:extension:prf: true, webauthn:virtualAuthenticators: true}
Session ID: 804d198f1e66c5034becd974d19fc5b8
at org.openqa.selenium.remote.ErrorCodec.decode(ErrorCodec.java:167)
at org.openqa.selenium.remote.codec.w3c.W3CHttpResponseCodec.decode(W3CHttpResponseCodec.java:138)
at org.openqa.selenium.remote.codec.w3c.W3CHttpResponseCodec.decode(W3CHttpResponseCodec.java:50)
at org.openqa.selenium.remote.HttpCommandExecutor.execute(HttpCommandExecutor.java:190)
at org.openqa.selenium.remote.service.DriverCommandExecutor.invokeExecute(DriverCommandExecutor.java:216)
at org.openqa.selenium.remote.service.DriverCommandExecutor.execute(DriverCommandExecutor.java:174)
at org.openqa.selenium.remote.RemoteWebDriver.execute(RemoteWebDriver.java:518)
at org.openqa.selenium.remote.RemoteWebDriver.perform(RemoteWebDriver.java:604)
at org.openqa.selenium.interactions.Actions$BuiltAction.perform(Actions.java:603)
at org.openqa.selenium.interactions.Actions.perform(Actions.java:568)
at amazonApp.ProjectOneWithTenTestCasesNew.Profile_page.Save_button(Profile_page.java:62)
at amazonApp.ProjectOneWithTenTestCasesNew.TC04.Manage_Proile(TC04.java:28)
at java.base/java.util.ArrayList.forEach(ArrayList.java:1511)
... Removed 36 stack frames]]>
    </failure>
  </testcase> <!-- Manage_Proile -->
  <testcase classname="amazonApp.ProjectOneWithTenTestCasesNew.TC03" name="Loginwith_InvalidCreds" time="7.082"/>
  <testcase classname="amazonApp.ProjectOneWithTenTestCasesNew.TC02" name="Loginwith_validCreds" time="9.827"/>
  <testcase classname="amazonApp.ProjectOneWithTenTestCasesNew.TC01" name="Registration" time="9.463"/>
</testsuite> <!-- Test -->
